%!Adobe-FontList 1.22
%Locale:0x409

%BeginFont
Handler:DirectoryHandler
FontType:TrueType
FontName:BebasNeueBold
FamilyName:Bebas Neue
StyleName:Bold
FullName:Bebas Neue Bold
MenuName:Bebas Neue Bold
StyleBits:0
WritingScript:Roman
OutlineFileName:E:\TEMPoraRY FiLES\cOurSE EXsersize Files\CTG WDD Batch #365 Source Code\Assignment\assignment41\psd\Font\BebasNeue Bold.ttf
DataFormat:sfntData
hasSVG:no
VariableFontType:NonVariableFont
FileLength:163180
FileModTime:1389691024
WeightClass:700
WidthClass:5
AngleClass:0
NameArray:0,Mac,4,Bebas Neue Bold
NameArray:0,Win,1,Bebas Neue Bold
NameArray:0,Win,16,Bebas Neue
%EndFont

%BeginFont
Handler:DirectoryHandler
FontType:TrueType
FontName:BebasNeueRegular
FamilyName:Bebas Neue
StyleName:Regular
FullName:Bebas Neue Regular
MenuName:Bebas Neue Regular
StyleBits:0
WritingScript:Roman
OutlineFileName:E:\TEMPoraRY FiLES\cOurSE EXsersize Files\CTG WDD Batch #365 Source Code\Assignment\assignment41\psd\Font\BebasNeue Regular.ttf
DataFormat:sfntData
hasSVG:no
VariableFontType:NonVariableFont
FileLength:125640
FileModTime:1389998907
WeightClass:400
WidthClass:5
AngleClass:0
NameArray:0,Mac,4,Bebas Neue Regular
NameArray:0,Win,1,Bebas Neue Regular
NameArray:0,Win,16,Bebas Neue
%EndFont

%BeginFont
Handler:DirectoryHandler
FontType:TrueType
FontName:OpenSans-Bold
FamilyName:Open Sans
StyleName:Bold
FullName:Open Sans Bold
MenuName:Open Sans
StyleBits:2
WritingScript:Roman
OutlineFileName:E:\TEMPoraRY FiLES\cOurSE EXsersize Files\CTG WDD Batch #365 Source Code\Assignment\assignment41\psd\Font\OpenSans-Bold.ttf
DataFormat:sfntData
hasSVG:no
VariableFontType:NonVariableFont
FileLength:104120
FileModTime:1296583200
WeightClass:700
WidthClass:5
AngleClass:0
NameArray:0,Win,1,Open Sans
%EndFont

%BeginFont
Handler:DirectoryHandler
FontType:TrueType
FontName:OpenSans-Regular
FamilyName:Open Sans
StyleName:Regular
FullName:Open Sans Regular
MenuName:Open Sans
StyleBits:0
WritingScript:Roman
OutlineFileName:E:\TEMPoraRY FiLES\cOurSE EXsersize Files\CTG WDD Batch #365 Source Code\Assignment\assignment41\psd\Font\OpenSans-Regular.ttf
DataFormat:sfntData
hasSVG:no
VariableFontType:NonVariableFont
FileLength:96932
FileModTime:1296583200
WeightClass:400
WidthClass:5
AngleClass:0
NameArray:0,Win,1,Open Sans
%EndFont

%BeginFont
Handler:DirectoryHandler
FontType:TrueType
FontName:OpenSans-SemiBold
FamilyName:Open Sans
StyleName:SemiBold
FullName:Open Sans SemiBold
MenuName:Open Sans SemiBold
StyleBits:0
WritingScript:Roman
OutlineFileName:E:\TEMPoraRY FiLES\cOurSE EXsersize Files\CTG WDD Batch #365 Source Code\Assignment\assignment41\psd\Font\OpenSans-SemiBold.ttf
DataFormat:sfntData
hasSVG:no
VariableFontType:NonVariableFont
FileLength:100820
FileModTime:1296583200
WeightClass:600
WidthClass:5
AngleClass:0
NameArray:0,Win,1,Open Sans SemiBold
NameArray:0,Win,16,Open Sans
%EndFont

